     1                                  section .data
     2                                  	
     3 00000000 25640A00                msg db "%d",10,0
     4                                  
     5 00000004 6162636461620000        	a dd "abcd","ab"
     6 0000000C 64000000                	d5 dd 100
     7                                  
     8                                  section .bss
     9                                  	
    10                                  
    11                                  	 
    12 00000000 <res 00000010>          	r3 resq 2
    13                                  
    14                                  section .text
    15                                  	global main
    16                                  	extern printf
    17 00000000 31C8                    	main: xor eax,ecx
    18 00000002 EB7E                    	jmp end
    19 00000004 A1[04000000]            	l1 mov eax,dword[a]
    20 00000009 05E8030000              	add eax,1000
    21 0000000E 0B00                    	or eax,dword[eax]
    22 00000010 3B05[EC030000]              	cmp eax,dword[a+1000]
    23 00000016 EB06                        	jmp sib
    24 00000018 8B81E8030000                	mov eax,dword[ecx+1000]
    25 0000001E 8B0480                  	sib: mov eax,dword[eax+eax*4]
    26 00000021 813D[04000000]E803-     	cmp dword[a],1000
    26 00000029 0000               
    27 0000002B 8900                    	mem:   mov dword[eax], eax
    28 0000002D 2DE8030000              	sub eax,1000
    29 00000032 81444064E8030000        	add dword[100+eax*3],1000
    30 0000003A 75C8                    	jnz l1
    31 0000003C 74ED                    	jz mem
    32 0000003E 40                      	inc eax
    33 0000003F FF05[04000000]          	inc dword[a]
    34 00000045 FF0D[EC030000]          	dec dword[a+1000]
    35 0000004B FF8400[04000000]        	inc dword[a+eax*2]
    36 00000052 56                      	push esi
    37 00000053 FF35[EC030000]          	push dword[a+1000]
    38 00000059 68[00000000]            	push msg
    39 0000005E 68E8030000              	push 1000
    40 00000063 F7E1                    	mul ecx
    41 00000065 F725[04000000]          	mul dword[a]
    42 0000006B F76164                  	mul dword[ecx+100]
    43 0000006E F7248D[04000000]        	mul dword[a+ecx*4]
    44 00000075 E8(00000000)            	call printf
    45 0000007A FF1481                  	call dword[ecx+eax*4]
    46 0000007D E8(00000000)            	call msg
    47 00000082 E8(E8030000)            	end:  call 1000
    48                                  
    49                                  
    50                                  
